<?xml version="1.0" encoding="UTF-8"?>
<!-- Generated by org.testng.reporters.JUnitReportReporter -->
<testsuite hostname="LAPTOP-E4L7H5OH" failures="0" tests="1" name="vtiger.Organisations" time="35.918" errors="0" timestamp="2024-03-14T00:16:28 IST" skipped="0">
  <testcase classname="vtiger.Organisations" name="OrganisationsTest" time="35.918"/>
  <system-out>
OrganisationsTestTestscript excution is started  </system-out>
</testsuite> <!-- vtiger.Organisations -->
