<?xml version="1.0" encoding="UTF-8"?>
<!-- Generated by org.testng.reporters.JUnitReportReporter -->
<testsuite hostname="LAPTOP-E4L7H5OH" failures="0" tests="1" name="vtiger.Leads" time="11.344" errors="0" timestamp="2024-03-04T00:33:28 IST" skipped="0">
  <testcase classname="vtiger.Leads" name="LeadsClass" time="11.344"/>
  <system-out/>
</testsuite> <!-- vtiger.Leads -->
