<?xml version="1.0" encoding="UTF-8"?>
<!-- Generated by org.testng.reporters.JUnitReportReporter -->
<testsuite hostname="LAPTOP-E4L7H5OH" failures="0" tests="1" name="TestNg.Myntra3" time="8.776" errors="0" timestamp="2024-02-29T10:09:13 IST" skipped="0">
  <testcase classname="TestNg.Myntra3" name="Title" time="8.776"/>
  <system-out/>
</testsuite> <!-- TestNg.Myntra3 -->
