<?xml version="1.0" encoding="UTF-8"?>
<!-- Generated by org.testng.reporters.JUnitReportReporter -->
<testsuite hostname="LAPTOP-E4L7H5OH" failures="0" tests="1" name="TestNg.Execution" time="5.160" errors="0" timestamp="2024-03-07T10:35:54 IST" skipped="0">
  <testcase classname="TestNg.Execution" name="MyntraTest" time="5.160"/>
  <system-out/>
</testsuite> <!-- TestNg.Execution -->
