<?xml version="1.0" encoding="UTF-8"?>
<!-- Generated by org.testng.reporters.JUnitReportReporter -->
<testsuite hostname="LAPTOP-E4L7H5OH" failures="0" tests="2" name="TestNg.Annotaions" time="0.008" errors="0" timestamp="2024-02-28T11:18:25 IST" skipped="0">
  <testcase classname="TestNg.Annotaions" name="Amazon" time="0.006"/>
  <system-out/>
  <testcase classname="TestNg.Annotaions" name="Facebook" time="0.002"/>
  <system-out/>
</testsuite> <!-- TestNg.Annotaions -->
