<?xml version="1.0" encoding="UTF-8"?>
<!-- Generated by org.testng.reporters.JUnitReportReporter -->
<testsuite hostname="LAPTOP-E4L7H5OH" failures="0" tests="3" name="TestNg.Ajio" time="15.674" errors="0" timestamp="2024-02-28T10:20:04 IST" skipped="0">
  <testcase classname="TestNg.Ajio" name="Myntra" time="7.041"/>
  <system-out/>
  <testcase classname="TestNg.Ajio" name="Amazon" time="4.075"/>
  <system-out/>
  <testcase classname="TestNg.Ajio" name="Facebook" time="4.558"/>
  <system-out/>
</testsuite> <!-- TestNg.Ajio -->
