<?xml version="1.0" encoding="UTF-8"?>
<!-- Generated by org.testng.reporters.JUnitReportReporter -->
<testsuite hostname="LAPTOP-E4L7H5OH" failures="0" tests="6" name="TestNg.Executions" time="65.575" errors="0" timestamp="2024-02-28T10:36:11 IST" skipped="0">
  <testcase classname="TestNg.Executions" name="Facebook" time="4.443"/>
  <system-out/>
  <testcase classname="TestNg.Executions" name="Facebook" time="3.030"/>
  <system-out/>
  <testcase classname="TestNg.Executions" name="Amazon" time="5.122"/>
  <system-out/>
  <testcase classname="TestNg.Executions" name="Amazon" time="19.189"/>
  <system-out/>
  <testcase classname="TestNg.Executions" name="Amazon" time="3.696"/>
  <system-out/>
  <testcase classname="TestNg.Executions" name="Myntra" time="30.095"/>
  <system-out/>
</testsuite> <!-- TestNg.Executions -->
