<?xml version="1.0" encoding="UTF-8"?>
<!-- Generated by org.testng.reporters.JUnitReportReporter -->
<testsuite hostname="LAPTOP-E4L7H5OH" failures="0" tests="1" name="TestNg.Softass" time="8.081" errors="0" timestamp="2024-02-29T10:31:29 IST" skipped="0">
  <testcase classname="TestNg.Softass" name="MyntraPage" time="8.081"/>
  <system-out/>
</testsuite> <!-- TestNg.Softass -->
