<?xml version="1.0" encoding="UTF-8"?>
<!-- Generated by org.testng.reporters.JUnitReportReporter -->
<testsuite hostname="LAPTOP-E4L7H5OH" failures="0" tests="1" name="vtiger.Contacts" time="22.650" errors="0" timestamp="2024-03-05T10:18:00 IST" skipped="0">
  <testcase classname="vtiger.Contacts" name="contacts" time="22.650"/>
  <system-out>
contactsTestscript execution is started contactsTestscript execution is passed  </system-out>
</testsuite> <!-- vtiger.Contacts -->
